<?xml version="1.0" encoding="UTF-8"?>
<!-- Generated by org.testng.reporters.JUnitReportReporter -->
<testsuite hostname="ANDR-5" failures="0" tests="1" name="com.practicemaventest.AllTestCases" time="9.825" errors="0" timestamp="2022-06-23T12:20:26 IST" skipped="0">
  <testcase classname="com.practicemaventest.AllTestCases" name="logincase" time="9.825"/>
  <system-out/>
</testsuite> <!-- com.practicemaventest.AllTestCases -->
